<?xml version="1.0" encoding="UTF-8"?>
<!-- Generated by org.testng.reporters.JUnitReportReporter -->
<testsuite hostname="ArunMotoori" failures="0" tests="2" name="tests.RegisterTest" time="16.905" errors="0" timestamp="2022-09-05T11:57:50 IST" skipped="0">
  <testcase classname="tests.RegisterTest" name="registerWithMandatoryFields" time="5.859"/>
  <system-out/>
  <testcase classname="tests.RegisterTest" name="registerWithAllFields" time="11.046"/>
  <system-out/>
</testsuite> <!-- tests.RegisterTest -->
