<?xml version="1.0" encoding="UTF-8"?>
<!-- Generated by org.testng.reporters.JUnitReportReporter -->
<testsuite hostname="ArunMotoori" failures="0" tests="9" name="runner.MyRunner" time="62.988" errors="0" timestamp="2022-09-06T12:31:46 IST" skipped="0">
  <testcase classname="runner.MyRunner" name="runScenario" time="6.796"/>
  <system-out/>
  <testcase classname="runner.MyRunner" name="runScenario" time="4.626"/>
  <system-out/>
  <testcase classname="runner.MyRunner" name="runScenario" time="6.787"/>
  <system-out/>
  <testcase classname="runner.MyRunner" name="runScenario" time="16.701"/>
  <system-out/>
  <testcase classname="runner.MyRunner" name="runScenario" time="4.184"/>
  <system-out/>
  <testcase classname="runner.MyRunner" name="runScenario" time="8.592"/>
  <system-out/>
  <testcase classname="runner.MyRunner" name="runScenario" time="4.597"/>
  <system-out/>
  <testcase classname="runner.MyRunner" name="runScenario" time="4.949"/>
  <system-out/>
  <testcase classname="runner.MyRunner" name="runScenario" time="5.756"/>
  <system-out/>
</testsuite> <!-- runner.MyRunner -->
