<?xml version="1.0" encoding="UTF-8"?>
<!-- Generated by org.testng.reporters.JUnitReportReporter -->
<testsuite hostname="ArunMotoori" failures="0" tests="3" name="tests.SearchTest" time="12.721" errors="0" timestamp="2022-09-05T11:57:50 IST" skipped="0">
  <testcase classname="tests.SearchTest" name="searchWithValidProductName" time="6.035"/>
  <system-out/>
  <testcase classname="tests.SearchTest" name="searchWithInvalidProductName" time="3.450"/>
  <system-out/>
  <testcase classname="tests.SearchTest" name="searchByNotProvidingAnyProductName" time="3.236"/>
  <system-out/>
</testsuite> <!-- tests.SearchTest -->
