<?xml version="1.0" encoding="UTF-8"?>
<!-- Generated by org.testng.reporters.JUnitReportReporter -->
<testsuite hostname="ArunMotoori" failures="0" tests="2" name="runner.MyRunner" time="9.854" errors="0" timestamp="2022-09-05T13:57:18 IST" skipped="0">
  <testcase classname="runner.MyRunner" name="runScenario" time="3.716"/>
  <system-out/>
  <testcase classname="runner.MyRunner" name="runScenario" time="6.138"/>
  <system-out/>
</testsuite> <!-- runner.MyRunner -->
