<?xml version="1.0" encoding="UTF-8"?>
<!-- Generated by org.testng.reporters.JUnitReportReporter -->
<testsuite hostname="ArunMotoori" failures="0" tests="2" name="tests.RegisterTest" time="20.021" errors="0" timestamp="2022-09-02T15:48:13 IST" skipped="0">
  <testcase classname="tests.RegisterTest" name="registerWithMandatoryFields" time="9.217"/>
  <system-out/>
  <testcase classname="tests.RegisterTest" name="registerWithAllFields" time="10.804"/>
  <system-out/>
</testsuite> <!-- tests.RegisterTest -->
