<?xml version="1.0" encoding="UTF-8"?>
<!-- Generated by org.testng.reporters.JUnitReportReporter -->
<testsuite hostname="ArunMotoori" failures="0" tests="3" name="tests.SearchTest" time="10.375" errors="0" timestamp="2022-09-02T15:48:13 IST" skipped="0">
  <testcase classname="tests.SearchTest" name="searchWithValidProductName" time="3.442"/>
  <system-out/>
  <testcase classname="tests.SearchTest" name="searchWithInvalidProductName" time="3.382"/>
  <system-out/>
  <testcase classname="tests.SearchTest" name="searchByNotProvidingAnyProductName" time="3.551"/>
  <system-out/>
</testsuite> <!-- tests.SearchTest -->
