<?xml version="1.0" encoding="UTF-8"?>
<!-- Generated by org.testng.reporters.JUnitReportReporter -->
<testsuite hostname="ArunMotoori" failures="0" tests="2" name="tests.LoginTest" time="10.081" errors="0" timestamp="2022-09-02T15:48:13 IST" skipped="0">
  <testcase classname="tests.LoginTest" name="loginWithValidCrendetials" time="6.043"/>
  <system-out/>
  <testcase classname="tests.LoginTest" name="loginWithInvalidCredentials" time="4.038"/>
  <system-out/>
</testsuite> <!-- tests.LoginTest -->
